  % Total    % Received % Xferd  Average Speed   Time    Time     Time  Current
                                 Dload  Upload   Total   Spent    Left  Speed
  0     0    0     0    0     0      0      0 --:--:-- --:--:-- --:--:--     0  0     0    0     0    0     0      0      0 --:--:--  0:00:01 --:--:--     0  0     0    0     0    0     0      0      0 --:--:--  0:00:02 --:--:--     0  0     0    0     0    0     0      0      0 --:--:--  0:00:03 --:--:--     0  0     0    0     0    0     0      0      0 --:--:--  0:00:04 --:--:--     0  0     0    0     0    0     0      0      0 --:--:--  0:00:05 --:--:--     0  0     0    0     0    0     0      0      0 --:--:--  0:00:05 --:--:--     0  0     0    0     0    0     0      0      0 --:--:--  0:00:06 --:--:--     0  0     0    0     0    0     0      0      0 --:--:--  0:00:07 --:--:--     0  0     0    0     0    0     0      0      0 --:--:--  0:00:08 --:--:--     0  0     0    0     0    0     0      0      0 --:--:--  0:00:09 --:--:--     0  0     0    0     0    0     0      0      0 --:--:--  0:00:10 --:--:--     0  0     0    0     0    0     0      0      0 --:--:--  0:00:11 --:--:--     0  0     0    0     0    0     0      0      0 --:--:--  0:00:12 --:--:--     0  0     0    0     0    0     0      0      0 --:--:--  0:00:13 --:--:--     0  0     0    0     0    0     0      0      0 --:--:--  0:00:14 --:--:--     0  0     0    0     0    0     0      0      0 --:--:--  0:00:15 --:--:--     0  0     0    0     0    0     0      0      0 --:--:--  0:00:16 --:--:--     0  0     0    0     0    0     0      0      0 --:--:--  0:00:17 --:--:--     0  0     0    0     0    0     0      0      0 --:--:--  0:00:18 --:--:--     0  0     0    0     0    0     0      0      0 --:--:--  0:00:19 --:--:--     0  0     0    0     0    0     0      0      0 --:--:--  0:00:20 --:--:--     0  0     0    0     0    0     0      0      0 --:--:--  0:00:21 --:--:--     0  0     0    0     0    0     0      0      0 --:--:--  0:00:22 --:--:--     0  0     0    0     0    0     0      0      0 --:--:--  0:00:23 --:--:--     0  0     0    0     0    0     0      0      0 --:--:--  0:00:24 --:--:--     0  0     0    0     0    0     0      0      0 --:--:--  0:00:25 --:--:--     0  0     0    0     0    0     0      0      0 --:--:--  0:00:26 --:--:--     0  0     0    0     0    0     0      0      0 --:--:--  0:00:27 --:--:--     0  0     0    0     0    0     0      0      0 --:--:--  0:00:28 --:--:--     0  0     0    0     0    0     0      0      0 --:--:--  0:00:29 --:--:--     0  0     0    0     0    0     0      0      0 --:--:--  0:00:30 --:--:--     0  0     0    0     0    0     0      0      0 --:--:--  0:00:31 --:--:--     0  0     0    0     0    0     0      0      0 --:--:--  0:00:32 --:--:--     0  0     0    0     0    0     0      0      0 --:--:--  0:00:33 --:--:--     0  0     0    0     0    0     0      0      0 --:--:--  0:00:34 --:--:--     0  0     0    0     0    0     0      0      0 --:--:--  0:00:35 --:--:--     0  0     0    0     0    0     0      0      0 --:--:--  0:00:36 --:--:--     0  0     0    0     0    0     0      0      0 --:--:--  0:00:37 --:--:--     0  0     0    0     0    0     0      0      0 --:--:--  0:00:38 --:--:--     0  0     0    0     0    0     0      0      0 --:--:--  0:00:39 --:--:--     0  0     0    0     0    0     0      0      0 --:--:--  0:00:40 --:--:--     0  0     0    0     0    0     0      0      0 --:--:--  0:00:41 --:--:--     0  0     0    0     0    0     0      0      0 --:--:--  0:00:42 --:--:--     0  0     0    0     0    0     0      0      0 --:--:--  0:00:43 --:--:--     0  0     0    0     0    0     0      0      0 --:--:--  0:00:44 --:--:--     0  0     0    0     0    0     0      0      0 --:--:--  0:00:45 --:--:--     0  0     0    0     0    0     0      0      0 --:--:--  0:00:46 --:--:--     0  0     0    0     0    0     0      0      0 --:--:--  0:00:47 --:--:--     0  0     0    0     0    0     0      0      0 --:--:--  0:00:48 --:--:--     0  0     0    0     0    0     0      0      0 --:--:--  0:00:49 --:--:--     0  0     0    0     0    0     0      0      0 --:--:--  0:00:50 --:--:--     0  0     0    0     0    0     0      0      0 --:--:--  0:00:51 --:--:--     0  0     0    0     0    0     0      0      0 --:--:--  0:00:52 --:--:--     0  0     0    0     0    0     0      0      0 --:--:--  0:00:53 --:--:--     0  0     0    0     0    0     0      0      0 --:--:--  0:00:54 --:--:--     0{"output":"ðŸ“‚ Workspace: /mnt/c/Users/Onur/mm-rec-training\nâ„¹ï¸  Loading data from: /mnt/c/Users/Onur/mm-rec-training/workspace/data/train.json\nâ±ï¸  JSON Load: 0.3768s\nâ„¹ï¸  Loaded 21216 items\nðŸš€ Benchmarking __getitem__ (Single Thread)...\nâ±ï¸  100 items: 0.0159s\nâš¡ Speed: 6290.39 items/s\nðŸš€ Benchmarking DataLoader (num_workers=4)...\nâ±ï¸  160 items (DataLoader): 0.1247s\nâš¡ Speed: 1411.04 items/s\n\nðŸš€ Benchmarking MMRecModel Forward Pass...\nâ„¹ï¸  Device: cuda\nðŸš€ Compiling model with torch.compile...\nâœ… Model compiled.\nðŸ”¥ Warming up...\nError: backend='inductor' raised:\nAssertionError: (3, 4)\n\nSet TORCH_LOGS=\"+dynamo\" and TORCHDYNAMO_VERBOSE=1 for more information\n\n\nYou can suppress this exception and fall back to eager by setting:\n    import torch._dynamo\n    torch._dynamo.config.suppress_errors = True\n\nTraceback (most recent call last):\n  File \"/home/onur/miniconda3/envs/mm-rec/lib/python3.10/site-packages/torch/_dynamo/output_graph.py\", line 1446, in _call_user_compiler\n    compiled_fn = compiler_fn(gm, self.example_inputs())\n  File \"/home/onur/miniconda3/envs/mm-rec/lib/python3.10/site-packages/torch/_dynamo/repro/after_dynamo.py\", line 129, in __call__\n    compiled_gm = compiler_fn(gm, example_inputs)\n  File \"/home/onur/miniconda3/envs/mm-rec/lib/python3.10/site-packages/torch/__init__.py\", line 2234, in __call__\n    return compile_fx(model_, inputs_, config_patches=self.config)\n  File \"/home/onur/miniconda3/envs/mm-rec/lib/python3.10/site-packages/torch/_inductor/compile_fx.py\", line 1253, in compile_fx\n    return compile_fx(\n  File \"/home/onur/miniconda3/envs/mm-rec/lib/python3.10/site-packages/torch/_inductor/compile_fx.py\", line 1521, in compile_fx\n    return aot_autograd(\n  File \"/home/onur/miniconda3/envs/mm-rec/lib/python3.10/site-packages/torch/_dynamo/backends/common.py\", line 72, in __call__\n    cg = aot_module_simplified(gm, example_inputs, **self.kwargs)\n  File \"/home/onur/miniconda3/envs/mm-rec/lib/python3.10/site-packages/torch/_functorch/aot_autograd.py\", line 1071, in aot_module_simplified\n    compiled_fn = dispatch_and_compile()\n  File \"/home/onur/miniconda3/envs/mm-rec/lib/python3.10/site-packages/torch/_functorch/aot_autograd.py\", line 1056, in dispatch_and_compile\n    compiled_fn, _ = create_aot_dispatcher_function(\n  File \"/home/onur/miniconda3/envs/mm-rec/lib/python3.10/site-packages/torch/_functorch/aot_autograd.py\", line 522, in create_aot_dispatcher_function\n    return _create_aot_dispatcher_function(\n  File \"/home/onur/miniconda3/envs/mm-rec/lib/python3.10/site-packages/torch/_functorch/aot_autograd.py\", line 759, in _create_aot_dispatcher_function\n    compiled_fn, fw_metadata = compiler_fn(\n  File \"/home/onur/miniconda3/envs/mm-rec/lib/python3.10/site-packages/torch/_functorch/_aot_autograd/jit_compile_runtime_wrappers.py\", line 179, in aot_dispatch_base\n    compiled_fw = compiler(fw_module, updated_flat_args)\n  File \"/home/onur/miniconda3/envs/mm-rec/lib/python3.10/site-packages/torch/_inductor/compile_fx.py\", line 1350, in fw_compiler_base\n    return _fw_compiler_base(model, example_inputs, is_inference)\n  File \"/home/onur/miniconda3/envs/mm-rec/lib/python3.10/site-packages/torch/_inductor/compile_fx.py\", line 1421, in _fw_compiler_base\n    return inner_compile(\n  File \"/home/onur/miniconda3/envs/mm-rec/lib/python3.10/contextlib.py\", line 79, in inner\n    return func(*args, **kwds)\n  File \"/home/onur/miniconda3/envs/mm-rec/lib/python3.10/site-packages/torch/_inductor/compile_fx.py\", line 475, in compile_fx_inner\n    return wrap_compiler_debug(_compile_fx_inner, compiler_name=\"inductor\")(\n  File \"/home/onur/miniconda3/envs/mm-rec/lib/python3.10/site-packages/torch/_dynamo/repro/after_aot.py\", line 85, in debug_wrapper\n    inner_compiled_fn = compiler_fn(gm, example_inputs)\n  File \"/home/onur/miniconda3/envs/mm-rec/lib/python3.10/site-packages/torch/_inductor/compile_fx.py\", line 661, in _compile_fx_inner\n    compiled_graph = FxGraphCache.load(\n  File \"/home/onur/mi 55 12890   55  7094    0     0    128      0  0:01:40  0:00:55  0:00:45  1450niconda3/envs/mm-rec/lib/python3.10/site-packages/torch/_inductor/codecache.py\", line 1334, in load\n    compiled_graph = compile_fx_fn(\n  File \"/home/onur/miniconda3/envs/mm-rec/lib/python3.10/site-packages/torch/_inductor/compile_fx.py\", line 570, in codegen_and_compile\n    compiled_graph = fx_codegen_and_compile(gm, example_inputs, **fx_kwargs)\n  File \"/home/onur/miniconda3/envs/mm-rec/lib/python3.10/site-packages/torch/_inductor/compile_fx.py\", line 859, in fx_codegen_and_compile\n    graph.run(*example_inputs)\n  File \"/home/onur/miniconda3/envs/mm-rec/lib/python3.10/site-packages/torch/_inductor/graph.py\", line 780, in run\n    return super().run(*args)\n  File \"/home/onur/miniconda3/envs/mm-rec/lib/python3.10/site-packages/torch/fx/interpreter.py\", line 146, in run\n    self.env[node] = self.run_node(node)\n  File \"/home/onur/miniconda3/envs/mm-rec/lib/python3.10/site-packages/torch/_inductor/graph.py\", line 1476, in run_node\n    if isinstance(result, TensorBox) and result.has_exceeded_max_reads():\n  File \"/home/onur/miniconda3/envs/mm-rec/lib/python3.10/site-packages/torch/_inductor/ir.py\", line 6393, in has_exceeded_max_reads\n    self.num_reads() > config.realize_acc_reads_threshold\n  File \"/home/onur/miniconda3/envs/mm-rec/lib/python3.10/site-packages/torch/_inductor/ir.py\", line 6420, in num_reads\n    return self.data.num_reads()\n  File \"/home/onur/miniconda3/envs/mm-rec/lib/python3.10/site-packages/torch/_inductor/ir.py\", line 601, in num_reads\n    return len(self.inner_fn_opcount().read_buffers)\n  File \"/home/onur/miniconda3/envs/mm-rec/lib/python3.10/site-packages/torch/_inductor/utils.py\", line 472, in wrapper\n    setattr(self, key, fn(self))\n  File \"/home/onur/miniconda3/envs/mm-rec/lib/python3.10/site-packages/torch/_inductor/ir.py\", line 564, in inner_fn_opcount\n    self.inner_fn(*self.inner_fn_args())\n  File \"/home/onur/miniconda3/envs/mm-rec/lib/python3.10/site-packages/torch/_inductor/lowering.py\", line 4239, in fn\n    fn_sum(idx, pad_adaptive_loader(x)), fn_sum(idx, ones_loader)\n  File \"/home/onur/miniconda3/envs/mm-rec/lib/python3.10/site-packages/torch/_inductor/lowering.py\", line 4112, in fn\n    val = loader(\n  File \"/home/onur/miniconda3/envs/mm-rec/lib/python3.10/site-packages/torch/_inductor/lowering.py\", line 4067, in load\n    return ops.masked(\n  File \"/home/onur/miniconda3/envs/mm-rec/lib/python3.10/site-packages/torch/_inductor/virtualized.py\", line 265, in inner\n    return OpsWrapper._wrap(getattr(_ops, name)(*new_args, **new_kwargs))\n  File \"/home/onur/miniconda3/envs/mm-rec/lib/python3.10/site-packages/torch/_inductor/ops_handler.py\", line 983, in inner\n    self._update_count, getattr(self.parent_handler, name)(*args, **kwargs)\n  File \"/home/onur/miniconda3/envs/mm-rec/lib/python3.10/site-packages/torch/_inductor/ops_handler.py\", line 797, in masked\n    return f\"ops.masked({mask}, {body()}, {other})\"\n  File \"/home/onur/miniconda3/envs/mm-rec/lib/python3.10/site-packages/torch/_inductor/lowering.py\", line 4069, in <lambda>\n    lambda: x_loader([*prefix, h_start_index + ih, w_start_index + iw]),\n  File \"/home/onur/miniconda3/envs/mm-rec/lib/python3.10/site-packages/torch/_inductor/ir.py\", line 2191, in loader\n    return inner(reindex(idx))\n  File \"/home/onur/miniconda3/envs/mm-rec/lib/python3.10/site-packages/torch/_inductor/ir.py\", line 2191, in loader\n    return inner(reindex(idx))\n  File \"/home/onur/miniconda3/envs/mm-rec/lib/python3.10/site-packages/torch/_inductor/ir.py\", line 2191, in loader\n    return inner(reindex(idx))\n  File \"/home/onur/miniconda3/envs/mm-rec/lib/python3.10/site-packages/torch/_inductor/ir.py\", line 2602, in reindex\n    assert len(index) == len(vars), (len(index), len(vars))\nAssertionError: (3, 4)\n\nThe above exception was the direct cause of the following exception:\n\nTraceback (most recent call last):\n  File \"/mnt/c/Users/Onur/mm-rec-training/server/train_server.py\", line 261, in run_benchmark\n    debug_benchmark.benchmark()\n  File \"/mnt/c/Users/Onur/mm-rec-training/server/debug_benchmark.py\", line 121, in benchmark\n    _ = model(dummy_input)\n  File \"/home/onur/miniconda3/envs/mm-rec/lib/python3.10/site-packages/torch/nn/modules/module.py\", line 1736, in _wrapped_call_impl\n    return self._call_impl(*args, **kwargs)\n  File \"/home/onur/miniconda3/envs/mm-rec/lib/python3.10/site-packages/torch/nn/modules/module.py\", line 1747, in _call_impl\n    return forward_call(*args, **kwargs)\n  File \"/home/onur/miniconda3/envs/mm-rec/lib/python3.10/site-packages/torch/_dynamo/eval_frame.py\", line 465, in _fn\n    return fn(*args, **kwargs)\n  File \"/home/onur/miniconda3/envs/mm-rec/lib/python3.10/site-packages/torch/nn/modules/module.py\", line 1736, in _wrapped_call_impl\n    return self._call_impl(*args, **kwargs)\n  File \"/home/onur/miniconda3/envs/mm-rec/lib/python3.10/site-packages/torch/nn/modules/module.py\", line 1747, in _call_impl\n    return forward_call(*args, **kwargs)\n  File \"/mnt/c/Users/Onur/mm-rec-training/mm_rec/model.py\", line 236, in forward\n    memory_states = [\n  File \"/home/onur/miniconda3/envs/mm-rec/lib/python3.10/site-packages/torch/_dynamo/convert_frame.py\", line 1269, in __call__\n    return self._torchdynamo_orig_callable(\n  File \"/home/onur/miniconda3/envs/mm-rec/lib/python3.10/site-packages/torch/_dynamo/convert_frame.py\", line 1064, in __call__\n    result = self._inner_convert(\n  File \"/home/onur/miniconda3/envs/mm-rec/lib/python3.10/site-packages/torch/_dynamo/convert_frame.py\", line 526, in __call__\n    return _compile(\n  File \"/home/onur/miniconda3/envs/mm-rec/lib/python3.10/site-packages/torch/_dynamo/convert_frame.py\", line 924, in _compile\n    guarded_code = compile_inner(code, one_graph, hooks, transform)\n  File \"/home/onur/miniconda3/envs/mm-rec/lib/python3.10/site-packages/torch/_dynamo/convert_frame.py\", line 666, in compile_inner\n    return _compile_inner(code, one_graph, hooks, transform)\n  File \"/home/onur/miniconda3/envs/mm-rec/lib/python3.10/site-packages/torch/_utils_internal.py\", line 87, in wrapper_function\n    return function(*args, **kwargs)\n  File \"/home/onur/miniconda3/envs/mm-rec/lib/python3.10/site-packages/torch/_dynamo/convert_frame.py\", line 699, in _compile_inner\n    out_code = transform_code_object(code, transform)\n  File \"/home/onur/miniconda3/envs/mm-rec/lib/python3.10/site-packages/torch/_dynamo/bytecode_transformation.py\", line 1322, in transform_code_object\n    transformations(instructions, code_options)\n  File \"/home/onur/miniconda3/envs/mm-rec/lib/python3.10/site-packages/torch/_dynamo/convert_frame.py\", line 219, in _fn\n    return fn(*args, **kwargs)\n  File \"/home/onur/miniconda3/envs/mm-rec/lib/python3.10/site-packages/torch/_dynamo/convert_frame.py\", line 634, in transform\n    tracer.run()\n  File \"/home/onur/miniconda3/envs/mm-rec/lib/python3.10/site-packages/torch/_dynamo/symbolic_convert.py\", line 2796, in run\n    super().run()\n  File \"/home/onur/miniconda3/envs/mm-rec/lib/python3.10/site-packages/torch/_dynamo/symbolic_convert.py\", line 983, in run\n    while self.step():\n  File \"/home/onur/miniconda3/envs/mm-rec/lib/python3.10/site-packages/torch/_dynamo/symbolic_convert.py\", line 895, in step\n    self.dispatch_table[inst.opcode](self, inst)\n  File \"/home/onur/miniconda3/envs/mm-rec/lib/python3.10/site-packages/torch/_dynamo/symbolic_convert.py\", line 2987, in RETURN_VALUE\n    self._return(inst)\n  File \"/home/onur/miniconda3/envs/mm-rec/lib/python3.10/site-packages/torch/_dynamo/symbolic_convert.py\", line 2972, in _return\n    self.output.compile_subgraph(\n  File \"/home/onur/miniconda3/envs/mm-rec/lib/python3.10/site-packages/torch/_dynamo/output_graph.py\", line 1142, in compile_subgraph\n    self.compile_and_call_fx_graph(tx, pass2.graph_output_vars(), root)\n  File \"/home/onur/miniconda3/envs/mm-rec/lib/python3.10/site-packages/torch/_dynamo/output_graph.py\", line 1369, in compile_and_call_fx_graph\n    compiled_fn = self.call_user_compiler(gm)\n  File \"/home/onur/miniconda3/envs/mm-rec/lib/python3.10/site-packages/torch/_dynamo/output_graph.py\100 12890  100 12890    0     0    232      0  0:00:55  0:00:55 --:--:--  3302
", line 1416, in call_user_compiler\n    return self._call_user_compiler(gm)\n  File \"/home/onur/miniconda3/envs/mm-rec/lib/python3.10/site-packages/torch/_dynamo/output_graph.py\", line 1465, in _call_user_compiler\n    raise BackendCompilerFailed(self.compiler_fn, e) from e\ntorch._dynamo.exc.BackendCompilerFailed: backend='inductor' raised:\nAssertionError: (3, 4)\n\nSet TORCH_LOGS=\"+dynamo\" and TORCHDYNAMO_VERBOSE=1 for more information\n\n\nYou can suppress this exception and fall back to eager by setting:\n    import torch._dynamo\n    torch._dynamo.config.suppress_errors = True\n\n\n"}